<?xml version="1.0" encoding="UTF-8"?>
<!-- Generated by org.testng.reporters.JUnitReportReporter -->
<testsuite skipped="0" hostname="DESKTOP-JUVN070" name="com.techfios.qa.test.LoginPageTest" tests="3" failures="0" timestamp="2022-05-09T10:40:36 CDT" time="8.798" errors="0">
  <testcase name="loginPageTitleTest" time="2.368" classname="com.techfios.qa.test.LoginPageTest"/>
  <system-out/>
  <testcase name="techfiosLogoTest" time="2.355" classname="com.techfios.qa.test.LoginPageTest"/>
  <system-out/>
  <testcase name="loginTest" time="4.075" classname="com.techfios.qa.test.LoginPageTest"/>
  <system-out/>
</testsuite> <!-- com.techfios.qa.test.LoginPageTest -->
