<?xml version="1.0" encoding="UTF-8"?>
<!-- Generated by org.testng.reporters.JUnitReportReporter -->
<testsuite skipped="0" hostname="DESKTOP-JUVN070" name="com.techfios.qa.test.HomePageTest" tests="2" failures="0" timestamp="2022-05-09T10:40:36 CDT" time="5.188" errors="0">
  <testcase name="verifyHomePageTitle" time="2.536" classname="com.techfios.qa.test.HomePageTest"/>
  <system-out/>
  <testcase name="verifyDashbaordPage" time="2.652" classname="com.techfios.qa.test.HomePageTest"/>
  <system-out/>
</testsuite> <!-- com.techfios.qa.test.HomePageTest -->
